Session ID: Z06s89XXtXPgKPzXIgiww1kJD1lDxLKE
Session Data: {
  "cookie": {
    "originalMaxAge": null,
    "expires": null,
    "secure": false,
    "httpOnly": true,
    "path": "/"
  }
}

Session ID: MYMmqgBSnivjwNBJTJSu57zppLKw7f95
Session Data: {
  "cookie": {
    "originalMaxAge": null,
    "expires": null,
    "secure": false,
    "httpOnly": true,
    "path": "/"
  }
}

Session ID: VYpN0SzzfbSGgiYNk-BeqbUqm15wk-m0
Session Data: {
  "cookie": {
    "originalMaxAge": null,
    "expires": null,
    "secure": false,
    "httpOnly": true,
    "path": "/"
  }
}

Session ID: h2r4-KL5MX2qcXn3oSw9l60UBhV2K5nS
Session Data: {
  "cookie": {
    "originalMaxAge": null,
    "expires": null,
    "secure": false,
    "httpOnly": true,
    "path": "/"
  }
}

Session ID: g5oJNtkNM6_p-bZaPhVJ2CPaDPAXXxjH
Session Data: {
  "cookie": {
    "originalMaxAge": null,
    "expires": null,
    "secure": false,
    "httpOnly": true,
    "path": "/"
  }
}

Session ID: ZNFz7RJ7bUJH5fq9qkCV7upL6PRq2lm3
Session Data: {
  "cookie": {
    "originalMaxAge": null,
    "expires": null,
    "secure": false,
    "httpOnly": true,
    "path": "/"
  }
}

Session ID: ywMhZZSNm_1mXSgL_2HgnP42z-fh5mo6
Session Data: {
  "cookie": {
    "originalMaxAge": null,
    "expires": null,
    "secure": false,
    "httpOnly": true,
    "path": "/"
  }
}

Session ID: rImGWT7rlU-AAC5W7fLnAW0uxtHKgZLT
Session Data: {
  "cookie": {
    "originalMaxAge": null,
    "expires": null,
    "secure": false,
    "httpOnly": true,
    "path": "/"
  }
}

Session ID: nW_o_cmrz1j706okR8Wft5L-M2vdX-yf
Session Data: {
  "cookie": {
    "originalMaxAge": null,
    "expires": null,
    "secure": false,
    "httpOnly": true,
    "path": "/"
  }
}

